Determining if the pthread_create exist failed with the following output:
Change Dir: /home/nick/Lab Project 2018/Alpha PCL/build/CMakeFiles/CMakeTmp

Run Build Command:"/usr/bin/make" "cmTC_aa868/fast"
/usr/bin/make -f CMakeFiles/cmTC_aa868.dir/build.make CMakeFiles/cmTC_aa868.dir/build
make[1]: Entering directory '/home/nick/Lab Project 2018/Alpha PCL/build/CMakeFiles/CMakeTmp'
Building C object CMakeFiles/cmTC_aa868.dir/CheckSymbolExists.c.o
/usr/bin/cc    -o CMakeFiles/cmTC_aa868.dir/CheckSymbolExists.c.o   -c "/home/nick/Lab Project 2018/Alpha PCL/build/CMakeFiles/CMakeTmp/CheckSymbolExists.c"
Linking C executable cmTC_aa868
/usr/bin/cmake -E cmake_link_script CMakeFiles/cmTC_aa868.dir/link.txt --verbose=1
/usr/bin/cc      -rdynamic CMakeFiles/cmTC_aa868.dir/CheckSymbolExists.c.o  -o cmTC_aa868 
CMakeFiles/cmTC_aa868.dir/CheckSymbolExists.c.o: In function `main':
CheckSymbolExists.c:(.text+0x16): undefined reference to `pthread_create'
collect2: error: ld returned 1 exit status
CMakeFiles/cmTC_aa868.dir/build.make:86: recipe for target 'cmTC_aa868' failed
make[1]: *** [cmTC_aa868] Error 1
make[1]: Leaving directory '/home/nick/Lab Project 2018/Alpha PCL/build/CMakeFiles/CMakeTmp'
Makefile:121: recipe for target 'cmTC_aa868/fast' failed
make: *** [cmTC_aa868/fast] Error 2

File /home/nick/Lab Project 2018/Alpha PCL/build/CMakeFiles/CMakeTmp/CheckSymbolExists.c:
/* */
#include <pthread.h>

int main(int argc, char** argv)
{
  (void)argv;
#ifndef pthread_create
  return ((int*)(&pthread_create))[argc];
#else
  (void)argc;
  return 0;
#endif
}

Determining if the function pthread_create exists in the pthreads failed with the following output:
Change Dir: /home/nick/Lab Project 2018/Alpha PCL/build/CMakeFiles/CMakeTmp

Run Build Command:"/usr/bin/make" "cmTC_8b301/fast"
/usr/bin/make -f CMakeFiles/cmTC_8b301.dir/build.make CMakeFiles/cmTC_8b301.dir/build
make[1]: Entering directory '/home/nick/Lab Project 2018/Alpha PCL/build/CMakeFiles/CMakeTmp'
Building C object CMakeFiles/cmTC_8b301.dir/CheckFunctionExists.c.o
/usr/bin/cc   -DCHECK_FUNCTION_EXISTS=pthread_create   -o CMakeFiles/cmTC_8b301.dir/CheckFunctionExists.c.o   -c /usr/share/cmake-3.12/Modules/CheckFunctionExists.c
Linking C executable cmTC_8b301
/usr/bin/cmake -E cmake_link_script CMakeFiles/cmTC_8b301.dir/link.txt --verbose=1
/usr/bin/cc  -DCHECK_FUNCTION_EXISTS=pthread_create    -rdynamic CMakeFiles/cmTC_8b301.dir/CheckFunctionExists.c.o  -o cmTC_8b301 -lpthreads 
/usr/bin/ld: cannot find -lpthreads
collect2: error: ld returned 1 exit status
CMakeFiles/cmTC_8b301.dir/build.make:86: recipe for target 'cmTC_8b301' failed
make[1]: *** [cmTC_8b301] Error 1
make[1]: Leaving directory '/home/nick/Lab Project 2018/Alpha PCL/build/CMakeFiles/CMakeTmp'
Makefile:121: recipe for target 'cmTC_8b301/fast' failed
make: *** [cmTC_8b301/fast] Error 2


